<?xml version="1.0" encoding="UTF-8"?>
<testsuite xmlns:xsi="http://www.w3.org/2001/XMLSchema-instance" xsi:noNamespaceSchemaLocation="https://maven.apache.org/surefire/maven-surefire-plugin/xsd/surefire-test-report.xsd" name="TestSuite" time="21.715" tests="1" errors="0" skipped="0" failures="0">
  <properties>
    <property name="gopherProxySet" value="false"/>
    <property name="awt.toolkit" value="sun.lwawt.macosx.LWCToolkit"/>
    <property name="java.specification.version" value="11"/>
    <property name="sun.cpu.isalist" value=""/>
    <property name="sun.jnu.encoding" value="UTF-8"/>
    <property name="java.class.path" value="/Users/gaikos/eclipse-workspace/DiscoveryProject/target/test-classes:/Users/gaikos/eclipse-workspace/DiscoveryProject/target/classes:/Users/gaikos/.m2/repository/org/apache/maven/plugins/maven-compiler-plugin/3.8.1/maven-compiler-plugin-3.8.1.jar:/Users/gaikos/.m2/repository/org/apache/maven/maven-plugin-api/3.0/maven-plugin-api-3.0.jar:/Users/gaikos/.m2/repository/org/apache/maven/maven-model/3.0/maven-model-3.0.jar:/Users/gaikos/.m2/repository/org/sonatype/sisu/sisu-inject-plexus/1.4.2/sisu-inject-plexus-1.4.2.jar:/Users/gaikos/.m2/repository/org/sonatype/sisu/sisu-inject-bean/1.4.2/sisu-inject-bean-1.4.2.jar:/Users/gaikos/.m2/repository/org/sonatype/sisu/sisu-guice/2.1.7/sisu-guice-2.1.7-noaop.jar:/Users/gaikos/.m2/repository/org/apache/maven/maven-artifact/3.0/maven-artifact-3.0.jar:/Users/gaikos/.m2/repository/org/apache/maven/maven-core/3.0/maven-core-3.0.jar:/Users/gaikos/.m2/repository/org/apache/maven/maven-settings/3.0/maven-settings-3.0.jar:/Users/gaikos/.m2/repository/org/apache/maven/maven-settings-builder/3.0/maven-settings-builder-3.0.jar:/Users/gaikos/.m2/repository/org/apache/maven/maven-repository-metadata/3.0/maven-repository-metadata-3.0.jar:/Users/gaikos/.m2/repository/org/apache/maven/maven-model-builder/3.0/maven-model-builder-3.0.jar:/Users/gaikos/.m2/repository/org/apache/maven/maven-aether-provider/3.0/maven-aether-provider-3.0.jar:/Users/gaikos/.m2/repository/org/sonatype/aether/aether-impl/1.7/aether-impl-1.7.jar:/Users/gaikos/.m2/repository/org/sonatype/aether/aether-spi/1.7/aether-spi-1.7.jar:/Users/gaikos/.m2/repository/org/sonatype/aether/aether-api/1.7/aether-api-1.7.jar:/Users/gaikos/.m2/repository/org/sonatype/aether/aether-util/1.7/aether-util-1.7.jar:/Users/gaikos/.m2/repository/org/codehaus/plexus/plexus-interpolation/1.14/plexus-interpolation-1.14.jar:/Users/gaikos/.m2/repository/org/codehaus/plexus/plexus-classworlds/2.2.3/plexus-classworlds-2.2.3.jar:/Users/gaikos/.m2/repository/org/codehaus/plexus/plexus-component-annotations/1.5.5/plexus-component-annotations-1.5.5.jar:/Users/gaikos/.m2/repository/org/sonatype/plexus/plexus-sec-dispatcher/1.3/plexus-sec-dispatcher-1.3.jar:/Users/gaikos/.m2/repository/org/sonatype/plexus/plexus-cipher/1.4/plexus-cipher-1.4.jar:/Users/gaikos/.m2/repository/org/apache/maven/shared/maven-shared-utils/3.2.1/maven-shared-utils-3.2.1.jar:/Users/gaikos/.m2/repository/org/apache/maven/shared/maven-shared-incremental/1.1/maven-shared-incremental-1.1.jar:/Users/gaikos/.m2/repository/org/codehaus/plexus/plexus-java/0.9.10/plexus-java-0.9.10.jar:/Users/gaikos/.m2/repository/org/ow2/asm/asm/6.2/asm-6.2.jar:/Users/gaikos/.m2/repository/com/thoughtworks/qdox/qdox/2.0-M8/qdox-2.0-M8.jar:/Users/gaikos/.m2/repository/org/codehaus/plexus/plexus-compiler-api/2.8.4/plexus-compiler-api-2.8.4.jar:/Users/gaikos/.m2/repository/org/codehaus/plexus/plexus-compiler-manager/2.8.4/plexus-compiler-manager-2.8.4.jar:/Users/gaikos/.m2/repository/org/codehaus/plexus/plexus-compiler-javac/2.8.4/plexus-compiler-javac-2.8.4.jar:/Users/gaikos/.m2/repository/org/seleniumhq/selenium/selenium-java/3.141.59/selenium-java-3.141.59.jar:/Users/gaikos/.m2/repository/org/seleniumhq/selenium/selenium-api/3.141.59/selenium-api-3.141.59.jar:/Users/gaikos/.m2/repository/org/seleniumhq/selenium/selenium-chrome-driver/3.141.59/selenium-chrome-driver-3.141.59.jar:/Users/gaikos/.m2/repository/org/seleniumhq/selenium/selenium-edge-driver/3.141.59/selenium-edge-driver-3.141.59.jar:/Users/gaikos/.m2/repository/org/seleniumhq/selenium/selenium-firefox-driver/3.141.59/selenium-firefox-driver-3.141.59.jar:/Users/gaikos/.m2/repository/org/seleniumhq/selenium/selenium-ie-driver/3.141.59/selenium-ie-driver-3.141.59.jar:/Users/gaikos/.m2/repository/org/seleniumhq/selenium/selenium-opera-driver/3.141.59/selenium-opera-driver-3.141.59.jar:/Users/gaikos/.m2/repository/org/seleniumhq/selenium/selenium-remote-driver/3.141.59/selenium-remote-driver-3.141.59.jar:/Users/gaikos/.m2/repository/org/seleniumhq/selenium/selenium-safari-driver/3.141.59/selenium-safari-driver-3.141.59.jar:/Users/gaikos/.m2/repository/org/seleniumhq/selenium/selenium-support/3.141.59/selenium-support-3.141.59.jar:/Users/gaikos/.m2/repository/net/bytebuddy/byte-buddy/1.8.15/byte-buddy-1.8.15.jar:/Users/gaikos/.m2/repository/org/apache/commons/commons-exec/1.3/commons-exec-1.3.jar:/Users/gaikos/.m2/repository/com/google/guava/guava/25.0-jre/guava-25.0-jre.jar:/Users/gaikos/.m2/repository/com/google/code/findbugs/jsr305/1.3.9/jsr305-1.3.9.jar:/Users/gaikos/.m2/repository/org/checkerframework/checker-compat-qual/2.0.0/checker-compat-qual-2.0.0.jar:/Users/gaikos/.m2/repository/com/google/errorprone/error_prone_annotations/2.1.3/error_prone_annotations-2.1.3.jar:/Users/gaikos/.m2/repository/com/google/j2objc/j2objc-annotations/1.1/j2objc-annotations-1.1.jar:/Users/gaikos/.m2/repository/org/codehaus/mojo/animal-sniffer-annotations/1.14/animal-sniffer-annotations-1.14.jar:/Users/gaikos/.m2/repository/com/squareup/okhttp3/okhttp/3.11.0/okhttp-3.11.0.jar:/Users/gaikos/.m2/repository/com/squareup/okio/okio/1.14.0/okio-1.14.0.jar:/Users/gaikos/.m2/repository/io/appium/java-client/6.1.0/java-client-6.1.0.jar:/Users/gaikos/.m2/repository/com/google/code/gson/gson/2.8.4/gson-2.8.4.jar:/Users/gaikos/.m2/repository/org/apache/httpcomponents/httpclient/4.5.5/httpclient-4.5.5.jar:/Users/gaikos/.m2/repository/org/apache/httpcomponents/httpcore/4.4.9/httpcore-4.4.9.jar:/Users/gaikos/.m2/repository/commons-logging/commons-logging/1.2/commons-logging-1.2.jar:/Users/gaikos/.m2/repository/cglib/cglib/3.2.6/cglib-3.2.6.jar:/Users/gaikos/.m2/repository/org/apache/ant/ant/1.9.6/ant-1.9.6.jar:/Users/gaikos/.m2/repository/org/apache/ant/ant-launcher/1.9.6/ant-launcher-1.9.6.jar:/Users/gaikos/.m2/repository/commons-validator/commons-validator/1.6/commons-validator-1.6.jar:/Users/gaikos/.m2/repository/commons-beanutils/commons-beanutils/1.9.2/commons-beanutils-1.9.2.jar:/Users/gaikos/.m2/repository/commons-digester/commons-digester/1.8.1/commons-digester-1.8.1.jar:/Users/gaikos/.m2/repository/commons-collections/commons-collections/3.2.2/commons-collections-3.2.2.jar:/Users/gaikos/.m2/repository/org/apache/commons/commons-lang3/3.7/commons-lang3-3.7.jar:/Users/gaikos/.m2/repository/commons-io/commons-io/2.6/commons-io-2.6.jar:/Users/gaikos/.m2/repository/org/springframework/spring-context/5.0.5.RELEASE/spring-context-5.0.5.RELEASE.jar:/Users/gaikos/.m2/repository/org/springframework/spring-aop/5.0.5.RELEASE/spring-aop-5.0.5.RELEASE.jar:/Users/gaikos/.m2/repository/org/springframework/spring-beans/5.0.5.RELEASE/spring-beans-5.0.5.RELEASE.jar:/Users/gaikos/.m2/repository/org/springframework/spring-core/5.0.5.RELEASE/spring-core-5.0.5.RELEASE.jar:/Users/gaikos/.m2/repository/org/springframework/spring-jcl/5.0.5.RELEASE/spring-jcl-5.0.5.RELEASE.jar:/Users/gaikos/.m2/repository/org/springframework/spring-expression/5.0.5.RELEASE/spring-expression-5.0.5.RELEASE.jar:/Users/gaikos/.m2/repository/org/aspectj/aspectjweaver/1.9.1/aspectjweaver-1.9.1.jar:/Users/gaikos/.m2/repository/org/openpnp/opencv/3.2.0-1/opencv-3.2.0-1.jar:/Users/gaikos/.m2/repository/org/apache/poi/poi/4.1.0/poi-4.1.0.jar:/Users/gaikos/.m2/repository/commons-codec/commons-codec/1.12/commons-codec-1.12.jar:/Users/gaikos/.m2/repository/org/apache/commons/commons-collections4/4.3/commons-collections4-4.3.jar:/Users/gaikos/.m2/repository/org/apache/commons/commons-math3/3.6.1/commons-math3-3.6.1.jar:/Users/gaikos/.m2/repository/org/apache/poi/poi-ooxml/4.1.0/poi-ooxml-4.1.0.jar:/Users/gaikos/.m2/repository/org/apache/commons/commons-compress/1.18/commons-compress-1.18.jar:/Users/gaikos/.m2/repository/com/github/virtuald/curvesapi/1.06/curvesapi-1.06.jar:/Users/gaikos/.m2/repository/org/apache/poi/poi-scratchpad/4.1.0/poi-scratchpad-4.1.0.jar:/Users/gaikos/.m2/repository/org/apache/poi/poi-ooxml-schemas/4.1.0/poi-ooxml-schemas-4.1.0.jar:/Users/gaikos/.m2/repository/org/apache/xmlbeans/xmlbeans/3.1.0/xmlbeans-3.1.0.jar:/Users/gaikos/.m2/repository/org/apache/poi/ooxml-schemas/1.4/ooxml-schemas-1.4.jar:/Users/gaikos/.m2/repository/org/apache/poi/poi-examples/4.1.0/poi-examples-4.1.0.jar:/Users/gaikos/.m2/repository/log4j/log4j/1.2.17/log4j-1.2.17.jar:/Users/gaikos/.m2/repository/com/relevantcodes/extentreports/2.41.2/extentreports-2.41.2.jar:/Users/gaikos/.m2/repository/org/jsoup/jsoup/1.8.3/jsoup-1.8.3.jar:/Users/gaikos/.m2/repository/org/xerial/sqlite-jdbc/3.8.11.1/sqlite-jdbc-3.8.11.1.jar:/Users/gaikos/.m2/repository/org/freemarker/freemarker/2.3.23/freemarker-2.3.23.jar:/Users/gaikos/.m2/repository/org/mongodb/mongodb-driver/3.0.4/mongodb-driver-3.0.4.jar:/Users/gaikos/.m2/repository/org/mongodb/bson/3.0.4/bson-3.0.4.jar:/Users/gaikos/.m2/repository/org/mongodb/mongodb-driver-core/3.0.4/mongodb-driver-core-3.0.4.jar:/Users/gaikos/.m2/repository/junit/junit/4.12/junit-4.12.jar:/Users/gaikos/.m2/repository/org/hamcrest/hamcrest-core/1.3/hamcrest-core-1.3.jar:/Users/gaikos/.m2/repository/io/rest-assured/rest-assured/4.0.0/rest-assured-4.0.0.jar:/Users/gaikos/.m2/repository/org/codehaus/groovy/groovy/2.5.6/groovy-2.5.6.jar:/Users/gaikos/.m2/repository/org/codehaus/groovy/groovy-xml/2.5.6/groovy-xml-2.5.6.jar:/Users/gaikos/.m2/repository/org/apache/httpcomponents/httpmime/4.5.3/httpmime-4.5.3.jar:/Users/gaikos/.m2/repository/org/hamcrest/hamcrest-library/2.1/hamcrest-library-2.1.jar:/Users/gaikos/.m2/repository/org/ccil/cowan/tagsoup/tagsoup/1.2.1/tagsoup-1.2.1.jar:/Users/gaikos/.m2/repository/io/rest-assured/json-path/4.0.0/json-path-4.0.0.jar:/Users/gaikos/.m2/repository/org/codehaus/groovy/groovy-json/2.5.6/groovy-json-2.5.6.jar:/Users/gaikos/.m2/repository/io/rest-assured/rest-assured-common/4.0.0/rest-assured-common-4.0.0.jar:/Users/gaikos/.m2/repository/io/rest-assured/xml-path/4.0.0/xml-path-4.0.0.jar:/Users/gaikos/.m2/repository/javax/xml/bind/jaxb-api/2.2.12/jaxb-api-2.2.12.jar:/Users/gaikos/.m2/repository/com/sun/xml/bind/jaxb-osgi/2.2.10/jaxb-osgi-2.2.10.jar:/Users/gaikos/.m2/repository/org/apache/sling/org.apache.sling.javax.activation/0.1.0/org.apache.sling.javax.activation-0.1.0.jar:/Users/gaikos/.m2/repository/javax/activation/activation/1.1.1/activation-1.1.1.jar:/Users/gaikos/.m2/repository/org/testng/testng/6.14.3/testng-6.14.3.jar:/Users/gaikos/.m2/repository/com/beust/jcommander/1.72/jcommander-1.72.jar:/Users/gaikos/.m2/repository/org/apache-extras/beanshell/bsh/2.0b6/bsh-2.0b6.jar:/Users/gaikos/.m2/repository/com/googlecode/json-simple/json-simple/1.1.1/json-simple-1.1.1.jar:/Users/gaikos/.m2/repository/io/cucumber/cucumber-junit/4.4.0/cucumber-junit-4.4.0.jar:/Users/gaikos/.m2/repository/io/cucumber/cucumber-java/4.3.1/cucumber-java-4.3.1.jar:/Users/gaikos/.m2/repository/io/cucumber/cucumber-core/4.4.0/cucumber-core-4.4.0.jar:/Users/gaikos/.m2/repository/io/cucumber/tag-expressions/1.1.1/tag-expressions-1.1.1.jar:/Users/gaikos/.m2/repository/io/cucumber/cucumber-expressions/7.0.2/cucumber-expressions-7.0.2.jar:/Users/gaikos/.m2/repository/io/cucumber/datatable/1.1.14/datatable-1.1.14.jar:/Users/gaikos/.m2/repository/io/cucumber/datatable-dependencies/1.1.14/datatable-dependencies-1.1.14.jar:/Users/gaikos/.m2/repository/io/cucumber/gherkin/5.1.0/gherkin-5.1.0.jar:/Users/gaikos/.m2/repository/io/cucumber/gherkin-jvm-deps/1.0.4/gherkin-jvm-deps-1.0.4.jar:/Users/gaikos/.m2/repository/io/cucumber/cucumber-jvm-deps/1.0.6/cucumber-jvm-deps-1.0.6.jar:/Users/gaikos/.m2/repository/io/cucumber/cucumber-testng/4.4.0/cucumber-testng-4.4.0.jar:/Users/gaikos/.m2/repository/io/cucumber/cucumber-html/0.2.7/cucumber-html-0.2.7.jar:/Users/gaikos/.m2/repository/cobertura/cobertura/1.8/cobertura-1.8.jar:/Users/gaikos/.m2/repository/oro/oro/2.0.8/oro-2.0.8.jar:/Users/gaikos/.m2/repository/asm/asm/2.2.1/asm-2.2.1.jar:/Users/gaikos/.m2/repository/io/github/bonigarcia/webdrivermanager/3.0.0/webdrivermanager-3.0.0.jar:/Users/gaikos/.m2/repository/org/slf4j/slf4j-api/1.7.25/slf4j-api-1.7.25.jar:/Users/gaikos/.m2/repository/org/rauschig/jarchivelib/0.8.0/jarchivelib-0.8.0.jar:/Users/gaikos/.m2/repository/org/mockito/mockito-all/1.10.19/mockito-all-1.10.19.jar:/Users/gaikos/.m2/repository/net/masterthought/cucumber-reporting/4.7.0/cucumber-reporting-4.7.0.jar:/Users/gaikos/.m2/repository/com/fasterxml/jackson/core/jackson-databind/2.9.8/jackson-databind-2.9.8.jar:/Users/gaikos/.m2/repository/com/fasterxml/jackson/core/jackson-annotations/2.9.0/jackson-annotations-2.9.0.jar:/Users/gaikos/.m2/repository/com/fasterxml/jackson/core/jackson-core/2.9.8/jackson-core-2.9.8.jar:/Users/gaikos/.m2/repository/org/apache/velocity/velocity/1.7/velocity-1.7.jar:/Users/gaikos/.m2/repository/commons-lang/commons-lang/2.4/commons-lang-2.4.jar:/Users/gaikos/.m2/repository/velocity-tools/velocity-tools/1.4/velocity-tools-1.4.jar:/Users/gaikos/.m2/repository/joda-time/joda-time/2.10.1/joda-time-2.10.1.jar:/Users/gaikos/.m2/repository/org/codehaus/plexus/plexus-utils/3.1.1/plexus-utils-3.1.1.jar:/Users/gaikos/.m2/repository/com/googlecode/owasp-java-html-sanitizer/owasp-java-html-sanitizer/20190325.1/owasp-java-html-sanitizer-20190325.1.jar:/Users/gaikos/.m2/repository/commons-configuration/commons-configuration/1.10/commons-configuration-1.10.jar:"/>
    <property name="java.vm.vendor" value="Oracle Corporation"/>
    <property name="sun.arch.data.model" value="64"/>
    <property name="java.vendor.url" value="http://java.oracle.com/"/>
    <property name="user.timezone" value=""/>
    <property name="java.vm.specification.version" value="11"/>
    <property name="os.name" value="Mac OS X"/>
    <property name="sun.java.launcher" value="SUN_STANDARD"/>
    <property name="user.country" value="US"/>
    <property name="sun.boot.library.path" value="/Library/Java/JavaVirtualMachines/jdk-11.0.1.jdk/Contents/Home/lib"/>
    <property name="sun.java.command" value="/Users/gaikos/eclipse-workspace/DiscoveryProject/target/surefire/surefirebooter10768634428759539896.jar /Users/gaikos/eclipse-workspace/DiscoveryProject/target/surefire 2019-09-04T22-22-59_276-jvmRun1 surefire563648716083031417tmp surefire_015573428494402128111tmp"/>
    <property name="jdk.debug" value="release"/>
    <property name="surefire.test.class.path" value="/Users/gaikos/eclipse-workspace/DiscoveryProject/target/test-classes:/Users/gaikos/eclipse-workspace/DiscoveryProject/target/classes:/Users/gaikos/.m2/repository/org/apache/maven/plugins/maven-compiler-plugin/3.8.1/maven-compiler-plugin-3.8.1.jar:/Users/gaikos/.m2/repository/org/apache/maven/maven-plugin-api/3.0/maven-plugin-api-3.0.jar:/Users/gaikos/.m2/repository/org/apache/maven/maven-model/3.0/maven-model-3.0.jar:/Users/gaikos/.m2/repository/org/sonatype/sisu/sisu-inject-plexus/1.4.2/sisu-inject-plexus-1.4.2.jar:/Users/gaikos/.m2/repository/org/sonatype/sisu/sisu-inject-bean/1.4.2/sisu-inject-bean-1.4.2.jar:/Users/gaikos/.m2/repository/org/sonatype/sisu/sisu-guice/2.1.7/sisu-guice-2.1.7-noaop.jar:/Users/gaikos/.m2/repository/org/apache/maven/maven-artifact/3.0/maven-artifact-3.0.jar:/Users/gaikos/.m2/repository/org/apache/maven/maven-core/3.0/maven-core-3.0.jar:/Users/gaikos/.m2/repository/org/apache/maven/maven-settings/3.0/maven-settings-3.0.jar:/Users/gaikos/.m2/repository/org/apache/maven/maven-settings-builder/3.0/maven-settings-builder-3.0.jar:/Users/gaikos/.m2/repository/org/apache/maven/maven-repository-metadata/3.0/maven-repository-metadata-3.0.jar:/Users/gaikos/.m2/repository/org/apache/maven/maven-model-builder/3.0/maven-model-builder-3.0.jar:/Users/gaikos/.m2/repository/org/apache/maven/maven-aether-provider/3.0/maven-aether-provider-3.0.jar:/Users/gaikos/.m2/repository/org/sonatype/aether/aether-impl/1.7/aether-impl-1.7.jar:/Users/gaikos/.m2/repository/org/sonatype/aether/aether-spi/1.7/aether-spi-1.7.jar:/Users/gaikos/.m2/repository/org/sonatype/aether/aether-api/1.7/aether-api-1.7.jar:/Users/gaikos/.m2/repository/org/sonatype/aether/aether-util/1.7/aether-util-1.7.jar:/Users/gaikos/.m2/repository/org/codehaus/plexus/plexus-interpolation/1.14/plexus-interpolation-1.14.jar:/Users/gaikos/.m2/repository/org/codehaus/plexus/plexus-classworlds/2.2.3/plexus-classworlds-2.2.3.jar:/Users/gaikos/.m2/repository/org/codehaus/plexus/plexus-component-annotations/1.5.5/plexus-component-annotations-1.5.5.jar:/Users/gaikos/.m2/repository/org/sonatype/plexus/plexus-sec-dispatcher/1.3/plexus-sec-dispatcher-1.3.jar:/Users/gaikos/.m2/repository/org/sonatype/plexus/plexus-cipher/1.4/plexus-cipher-1.4.jar:/Users/gaikos/.m2/repository/org/apache/maven/shared/maven-shared-utils/3.2.1/maven-shared-utils-3.2.1.jar:/Users/gaikos/.m2/repository/org/apache/maven/shared/maven-shared-incremental/1.1/maven-shared-incremental-1.1.jar:/Users/gaikos/.m2/repository/org/codehaus/plexus/plexus-java/0.9.10/plexus-java-0.9.10.jar:/Users/gaikos/.m2/repository/org/ow2/asm/asm/6.2/asm-6.2.jar:/Users/gaikos/.m2/repository/com/thoughtworks/qdox/qdox/2.0-M8/qdox-2.0-M8.jar:/Users/gaikos/.m2/repository/org/codehaus/plexus/plexus-compiler-api/2.8.4/plexus-compiler-api-2.8.4.jar:/Users/gaikos/.m2/repository/org/codehaus/plexus/plexus-compiler-manager/2.8.4/plexus-compiler-manager-2.8.4.jar:/Users/gaikos/.m2/repository/org/codehaus/plexus/plexus-compiler-javac/2.8.4/plexus-compiler-javac-2.8.4.jar:/Users/gaikos/.m2/repository/org/seleniumhq/selenium/selenium-java/3.141.59/selenium-java-3.141.59.jar:/Users/gaikos/.m2/repository/org/seleniumhq/selenium/selenium-api/3.141.59/selenium-api-3.141.59.jar:/Users/gaikos/.m2/repository/org/seleniumhq/selenium/selenium-chrome-driver/3.141.59/selenium-chrome-driver-3.141.59.jar:/Users/gaikos/.m2/repository/org/seleniumhq/selenium/selenium-edge-driver/3.141.59/selenium-edge-driver-3.141.59.jar:/Users/gaikos/.m2/repository/org/seleniumhq/selenium/selenium-firefox-driver/3.141.59/selenium-firefox-driver-3.141.59.jar:/Users/gaikos/.m2/repository/org/seleniumhq/selenium/selenium-ie-driver/3.141.59/selenium-ie-driver-3.141.59.jar:/Users/gaikos/.m2/repository/org/seleniumhq/selenium/selenium-opera-driver/3.141.59/selenium-opera-driver-3.141.59.jar:/Users/gaikos/.m2/repository/org/seleniumhq/selenium/selenium-remote-driver/3.141.59/selenium-remote-driver-3.141.59.jar:/Users/gaikos/.m2/repository/org/seleniumhq/selenium/selenium-safari-driver/3.141.59/selenium-safari-driver-3.141.59.jar:/Users/gaikos/.m2/repository/org/seleniumhq/selenium/selenium-support/3.141.59/selenium-support-3.141.59.jar:/Users/gaikos/.m2/repository/net/bytebuddy/byte-buddy/1.8.15/byte-buddy-1.8.15.jar:/Users/gaikos/.m2/repository/org/apache/commons/commons-exec/1.3/commons-exec-1.3.jar:/Users/gaikos/.m2/repository/com/google/guava/guava/25.0-jre/guava-25.0-jre.jar:/Users/gaikos/.m2/repository/com/google/code/findbugs/jsr305/1.3.9/jsr305-1.3.9.jar:/Users/gaikos/.m2/repository/org/checkerframework/checker-compat-qual/2.0.0/checker-compat-qual-2.0.0.jar:/Users/gaikos/.m2/repository/com/google/errorprone/error_prone_annotations/2.1.3/error_prone_annotations-2.1.3.jar:/Users/gaikos/.m2/repository/com/google/j2objc/j2objc-annotations/1.1/j2objc-annotations-1.1.jar:/Users/gaikos/.m2/repository/org/codehaus/mojo/animal-sniffer-annotations/1.14/animal-sniffer-annotations-1.14.jar:/Users/gaikos/.m2/repository/com/squareup/okhttp3/okhttp/3.11.0/okhttp-3.11.0.jar:/Users/gaikos/.m2/repository/com/squareup/okio/okio/1.14.0/okio-1.14.0.jar:/Users/gaikos/.m2/repository/io/appium/java-client/6.1.0/java-client-6.1.0.jar:/Users/gaikos/.m2/repository/com/google/code/gson/gson/2.8.4/gson-2.8.4.jar:/Users/gaikos/.m2/repository/org/apache/httpcomponents/httpclient/4.5.5/httpclient-4.5.5.jar:/Users/gaikos/.m2/repository/org/apache/httpcomponents/httpcore/4.4.9/httpcore-4.4.9.jar:/Users/gaikos/.m2/repository/commons-logging/commons-logging/1.2/commons-logging-1.2.jar:/Users/gaikos/.m2/repository/cglib/cglib/3.2.6/cglib-3.2.6.jar:/Users/gaikos/.m2/repository/org/apache/ant/ant/1.9.6/ant-1.9.6.jar:/Users/gaikos/.m2/repository/org/apache/ant/ant-launcher/1.9.6/ant-launcher-1.9.6.jar:/Users/gaikos/.m2/repository/commons-validator/commons-validator/1.6/commons-validator-1.6.jar:/Users/gaikos/.m2/repository/commons-beanutils/commons-beanutils/1.9.2/commons-beanutils-1.9.2.jar:/Users/gaikos/.m2/repository/commons-digester/commons-digester/1.8.1/commons-digester-1.8.1.jar:/Users/gaikos/.m2/repository/commons-collections/commons-collections/3.2.2/commons-collections-3.2.2.jar:/Users/gaikos/.m2/repository/org/apache/commons/commons-lang3/3.7/commons-lang3-3.7.jar:/Users/gaikos/.m2/repository/commons-io/commons-io/2.6/commons-io-2.6.jar:/Users/gaikos/.m2/repository/org/springframework/spring-context/5.0.5.RELEASE/spring-context-5.0.5.RELEASE.jar:/Users/gaikos/.m2/repository/org/springframework/spring-aop/5.0.5.RELEASE/spring-aop-5.0.5.RELEASE.jar:/Users/gaikos/.m2/repository/org/springframework/spring-beans/5.0.5.RELEASE/spring-beans-5.0.5.RELEASE.jar:/Users/gaikos/.m2/repository/org/springframework/spring-core/5.0.5.RELEASE/spring-core-5.0.5.RELEASE.jar:/Users/gaikos/.m2/repository/org/springframework/spring-jcl/5.0.5.RELEASE/spring-jcl-5.0.5.RELEASE.jar:/Users/gaikos/.m2/repository/org/springframework/spring-expression/5.0.5.RELEASE/spring-expression-5.0.5.RELEASE.jar:/Users/gaikos/.m2/repository/org/aspectj/aspectjweaver/1.9.1/aspectjweaver-1.9.1.jar:/Users/gaikos/.m2/repository/org/openpnp/opencv/3.2.0-1/opencv-3.2.0-1.jar:/Users/gaikos/.m2/repository/org/apache/poi/poi/4.1.0/poi-4.1.0.jar:/Users/gaikos/.m2/repository/commons-codec/commons-codec/1.12/commons-codec-1.12.jar:/Users/gaikos/.m2/repository/org/apache/commons/commons-collections4/4.3/commons-collections4-4.3.jar:/Users/gaikos/.m2/repository/org/apache/commons/commons-math3/3.6.1/commons-math3-3.6.1.jar:/Users/gaikos/.m2/repository/org/apache/poi/poi-ooxml/4.1.0/poi-ooxml-4.1.0.jar:/Users/gaikos/.m2/repository/org/apache/commons/commons-compress/1.18/commons-compress-1.18.jar:/Users/gaikos/.m2/repository/com/github/virtuald/curvesapi/1.06/curvesapi-1.06.jar:/Users/gaikos/.m2/repository/org/apache/poi/poi-scratchpad/4.1.0/poi-scratchpad-4.1.0.jar:/Users/gaikos/.m2/repository/org/apache/poi/poi-ooxml-schemas/4.1.0/poi-ooxml-schemas-4.1.0.jar:/Users/gaikos/.m2/repository/org/apache/xmlbeans/xmlbeans/3.1.0/xmlbeans-3.1.0.jar:/Users/gaikos/.m2/repository/org/apache/poi/ooxml-schemas/1.4/ooxml-schemas-1.4.jar:/Users/gaikos/.m2/repository/org/apache/poi/poi-examples/4.1.0/poi-examples-4.1.0.jar:/Users/gaikos/.m2/repository/log4j/log4j/1.2.17/log4j-1.2.17.jar:/Users/gaikos/.m2/repository/com/relevantcodes/extentreports/2.41.2/extentreports-2.41.2.jar:/Users/gaikos/.m2/repository/org/jsoup/jsoup/1.8.3/jsoup-1.8.3.jar:/Users/gaikos/.m2/repository/org/xerial/sqlite-jdbc/3.8.11.1/sqlite-jdbc-3.8.11.1.jar:/Users/gaikos/.m2/repository/org/freemarker/freemarker/2.3.23/freemarker-2.3.23.jar:/Users/gaikos/.m2/repository/org/mongodb/mongodb-driver/3.0.4/mongodb-driver-3.0.4.jar:/Users/gaikos/.m2/repository/org/mongodb/bson/3.0.4/bson-3.0.4.jar:/Users/gaikos/.m2/repository/org/mongodb/mongodb-driver-core/3.0.4/mongodb-driver-core-3.0.4.jar:/Users/gaikos/.m2/repository/junit/junit/4.12/junit-4.12.jar:/Users/gaikos/.m2/repository/org/hamcrest/hamcrest-core/1.3/hamcrest-core-1.3.jar:/Users/gaikos/.m2/repository/io/rest-assured/rest-assured/4.0.0/rest-assured-4.0.0.jar:/Users/gaikos/.m2/repository/org/codehaus/groovy/groovy/2.5.6/groovy-2.5.6.jar:/Users/gaikos/.m2/repository/org/codehaus/groovy/groovy-xml/2.5.6/groovy-xml-2.5.6.jar:/Users/gaikos/.m2/repository/org/apache/httpcomponents/httpmime/4.5.3/httpmime-4.5.3.jar:/Users/gaikos/.m2/repository/org/hamcrest/hamcrest-library/2.1/hamcrest-library-2.1.jar:/Users/gaikos/.m2/repository/org/ccil/cowan/tagsoup/tagsoup/1.2.1/tagsoup-1.2.1.jar:/Users/gaikos/.m2/repository/io/rest-assured/json-path/4.0.0/json-path-4.0.0.jar:/Users/gaikos/.m2/repository/org/codehaus/groovy/groovy-json/2.5.6/groovy-json-2.5.6.jar:/Users/gaikos/.m2/repository/io/rest-assured/rest-assured-common/4.0.0/rest-assured-common-4.0.0.jar:/Users/gaikos/.m2/repository/io/rest-assured/xml-path/4.0.0/xml-path-4.0.0.jar:/Users/gaikos/.m2/repository/javax/xml/bind/jaxb-api/2.2.12/jaxb-api-2.2.12.jar:/Users/gaikos/.m2/repository/com/sun/xml/bind/jaxb-osgi/2.2.10/jaxb-osgi-2.2.10.jar:/Users/gaikos/.m2/repository/org/apache/sling/org.apache.sling.javax.activation/0.1.0/org.apache.sling.javax.activation-0.1.0.jar:/Users/gaikos/.m2/repository/javax/activation/activation/1.1.1/activation-1.1.1.jar:/Users/gaikos/.m2/repository/org/testng/testng/6.14.3/testng-6.14.3.jar:/Users/gaikos/.m2/repository/com/beust/jcommander/1.72/jcommander-1.72.jar:/Users/gaikos/.m2/repository/org/apache-extras/beanshell/bsh/2.0b6/bsh-2.0b6.jar:/Users/gaikos/.m2/repository/com/googlecode/json-simple/json-simple/1.1.1/json-simple-1.1.1.jar:/Users/gaikos/.m2/repository/io/cucumber/cucumber-junit/4.4.0/cucumber-junit-4.4.0.jar:/Users/gaikos/.m2/repository/io/cucumber/cucumber-java/4.3.1/cucumber-java-4.3.1.jar:/Users/gaikos/.m2/repository/io/cucumber/cucumber-core/4.4.0/cucumber-core-4.4.0.jar:/Users/gaikos/.m2/repository/io/cucumber/tag-expressions/1.1.1/tag-expressions-1.1.1.jar:/Users/gaikos/.m2/repository/io/cucumber/cucumber-expressions/7.0.2/cucumber-expressions-7.0.2.jar:/Users/gaikos/.m2/repository/io/cucumber/datatable/1.1.14/datatable-1.1.14.jar:/Users/gaikos/.m2/repository/io/cucumber/datatable-dependencies/1.1.14/datatable-dependencies-1.1.14.jar:/Users/gaikos/.m2/repository/io/cucumber/gherkin/5.1.0/gherkin-5.1.0.jar:/Users/gaikos/.m2/repository/io/cucumber/gherkin-jvm-deps/1.0.4/gherkin-jvm-deps-1.0.4.jar:/Users/gaikos/.m2/repository/io/cucumber/cucumber-jvm-deps/1.0.6/cucumber-jvm-deps-1.0.6.jar:/Users/gaikos/.m2/repository/io/cucumber/cucumber-testng/4.4.0/cucumber-testng-4.4.0.jar:/Users/gaikos/.m2/repository/io/cucumber/cucumber-html/0.2.7/cucumber-html-0.2.7.jar:/Users/gaikos/.m2/repository/cobertura/cobertura/1.8/cobertura-1.8.jar:/Users/gaikos/.m2/repository/oro/oro/2.0.8/oro-2.0.8.jar:/Users/gaikos/.m2/repository/asm/asm/2.2.1/asm-2.2.1.jar:/Users/gaikos/.m2/repository/io/github/bonigarcia/webdrivermanager/3.0.0/webdrivermanager-3.0.0.jar:/Users/gaikos/.m2/repository/org/slf4j/slf4j-api/1.7.25/slf4j-api-1.7.25.jar:/Users/gaikos/.m2/repository/org/rauschig/jarchivelib/0.8.0/jarchivelib-0.8.0.jar:/Users/gaikos/.m2/repository/org/mockito/mockito-all/1.10.19/mockito-all-1.10.19.jar:/Users/gaikos/.m2/repository/net/masterthought/cucumber-reporting/4.7.0/cucumber-reporting-4.7.0.jar:/Users/gaikos/.m2/repository/com/fasterxml/jackson/core/jackson-databind/2.9.8/jackson-databind-2.9.8.jar:/Users/gaikos/.m2/repository/com/fasterxml/jackson/core/jackson-annotations/2.9.0/jackson-annotations-2.9.0.jar:/Users/gaikos/.m2/repository/com/fasterxml/jackson/core/jackson-core/2.9.8/jackson-core-2.9.8.jar:/Users/gaikos/.m2/repository/org/apache/velocity/velocity/1.7/velocity-1.7.jar:/Users/gaikos/.m2/repository/commons-lang/commons-lang/2.4/commons-lang-2.4.jar:/Users/gaikos/.m2/repository/velocity-tools/velocity-tools/1.4/velocity-tools-1.4.jar:/Users/gaikos/.m2/repository/joda-time/joda-time/2.10.1/joda-time-2.10.1.jar:/Users/gaikos/.m2/repository/org/codehaus/plexus/plexus-utils/3.1.1/plexus-utils-3.1.1.jar:/Users/gaikos/.m2/repository/com/googlecode/owasp-java-html-sanitizer/owasp-java-html-sanitizer/20190325.1/owasp-java-html-sanitizer-20190325.1.jar:/Users/gaikos/.m2/repository/commons-configuration/commons-configuration/1.10/commons-configuration-1.10.jar:"/>
    <property name="sun.cpu.endian" value="little"/>
    <property name="user.home" value="/Users/gaikos"/>
    <property name="user.language" value="en"/>
    <property name="java.specification.vendor" value="Oracle Corporation"/>
    <property name="java.version.date" value="2018-10-16"/>
    <property name="java.home" value="/Library/Java/JavaVirtualMachines/jdk-11.0.1.jdk/Contents/Home"/>
    <property name="file.separator" value="/"/>
    <property name="basedir" value="/Users/gaikos/eclipse-workspace/DiscoveryProject"/>
    <property name="java.vm.compressedOopsMode" value="Zero based"/>
    <property name="line.separator" value="&#10;"/>
    <property name="java.specification.name" value="Java Platform API Specification"/>
    <property name="java.vm.specification.vendor" value="Oracle Corporation"/>
    <property name="java.awt.graphicsenv" value="sun.awt.CGraphicsEnvironment"/>
    <property name="surefire.real.class.path" value="/Users/gaikos/eclipse-workspace/DiscoveryProject/target/surefire/surefirebooter10768634428759539896.jar"/>
    <property name="sun.management.compiler" value="HotSpot 64-Bit Tiered Compilers"/>
    <property name="java.runtime.version" value="11.0.1+13-LTS"/>
    <property name="user.name" value="gaikos"/>
    <property name="path.separator" value=":"/>
    <property name="os.version" value="10.14.5"/>
    <property name="java.runtime.name" value="Java(TM) SE Runtime Environment"/>
    <property name="file.encoding" value="UTF-8"/>
    <property name="java.vm.name" value="Java HotSpot(TM) 64-Bit Server VM"/>
    <property name="java.vendor.version" value="18.9"/>
    <property name="localRepository" value="/Users/gaikos/.m2/repository"/>
    <property name="java.vendor.url.bug" value="http://bugreport.java.com/bugreport/"/>
    <property name="java.io.tmpdir" value="/var/folders/d5/rhv9_p854xlgvchv868w7xy5mq23d5/T/"/>
    <property name="java.version" value="11.0.1"/>
    <property name="user.dir" value="/Users/gaikos/eclipse-workspace/DiscoveryProject"/>
    <property name="os.arch" value="x86_64"/>
    <property name="java.vm.specification.name" value="Java Virtual Machine Specification"/>
    <property name="java.awt.printerjob" value="sun.lwawt.macosx.CPrinterJob"/>
    <property name="sun.os.patch.level" value="unknown"/>
    <property name="java.library.path" value="/Users/gaikos/Library/Java/Extensions:/Library/Java/Extensions:/Network/Library/Java/Extensions:/System/Library/Java/Extensions:/usr/lib/java:."/>
    <property name="java.vendor" value="Oracle Corporation"/>
    <property name="java.vm.info" value="mixed mode"/>
    <property name="java.vm.version" value="11.0.1+13-LTS"/>
    <property name="sun.io.unicode.encoding" value="UnicodeBig"/>
    <property name="java.class.version" value="55.0"/>
  </properties>
  <testcase name="test1" classname="testPkg.SelTest1" time="21.318"/>
</testsuite>