<?xml version="1.0" encoding="UTF-8"?>
<!-- Generated by org.testng.reporters.JUnitReportReporter -->
<testsuite hostname="inengaikosm2.corp.emc.com" failures="0" tests="1" name="testPkg.SelTest1" time="21.316" errors="0" timestamp="04 Sep 2019 16:53:21 GMT" skipped="0">
  <testcase classname="testPkg.SelTest1" name="test1" time="21.316"/>
</testsuite> <!-- testPkg.SelTest1 -->
